<?xml version="1.0" encoding="UTF-8"?>
<!-- Generated by org.testng.reporters.JUnitReportReporter -->
<testsuite hostname="DESKTOP-2JHI0MB" name="com.OHRMTestScripts.TC_101" tests="1" failures="0" timestamp="20 Feb 2019 14:19:39 GMT" time="12.077" errors="0">
  <testcase name="LoginTestRun" time="12.077" classname="com.OHRMTestScripts.TC_101"/>
</testsuite> <!-- com.OHRMTestScripts.TC_101 -->
